Build started 9/7/2016 10:02:37 PM.
     1>Project "C:\Users\crush_000\Documents\CS3113\project_template\Windows\NYUCodebase\NYUCodebase\class_template3.vcxproj" on node 2 (Build target(s)).
     1>C:\Program Files (x86)\MSBuild\Microsoft.Cpp\v4.0\V120\Microsoft.CppBuild.targets(388,5): warning MSB8028: The intermediate directory (Debug\) contains files shared from another project (Class Template2.vcxproj).  This can lead to incorrect clean and rebuild behavior.
     1>ClCompile:
         C:\Program Files (x86)\Microsoft Visual Studio 12.0\VC\bin\CL.exe /c /Zi /nologo /W3 /WX- /Od /Oy- /D WIN32 /D _DEBUG /D _WINDOWS /Gm /EHsc /RTC1 /MDd /GS /fp:precise /Zc:wchar_t /Zc:forScope /Fo"Debug\\" /Fd"Debug\vc120.pdb" /Gd /TP /analyze- /errorReport:prompt main.cpp Matrix.cpp ShaderProgram.cpp
         Skipping... (no relevant changes detected)
         ShaderProgram.cpp
         Matrix.cpp
         main.cpp
       Link:
         C:\Program Files (x86)\Microsoft Visual Studio 12.0\VC\bin\link.exe /ERRORREPORT:PROMPT /OUT:"C:\Users\crush_000\Documents\CS3113\project_template\Windows\NYUCodebase\NYUCodebase\Debug\class_template3.exe" /INCREMENTAL /NOLOGO kernel32.lib user32.lib gdi32.lib winspool.lib comdlg32.lib advapi32.lib shell32.lib ole32.lib oleaut32.lib uuid.lib odbc32.lib odbccp32.lib /MANIFEST /MANIFESTUAC:"level='asInvoker' uiAccess='false'" /manifest:embed /DEBUG /PDB:"C:\Users\crush_000\Documents\CS3113\project_template\Windows\NYUCodebase\NYUCodebase\Debug\class_template3.pdb" /SUBSYSTEM:WINDOWS /TLBID:1 /DYNAMICBASE /NXCOMPAT /IMPLIB:"C:\Users\crush_000\Documents\CS3113\project_template\Windows\NYUCodebase\NYUCodebase\Debug\class_template3.lib" /MACHINE:X86 Debug\main.obj
         Debug\Matrix.obj
         Debug\ShaderProgram.obj
     1>main.obj : error LNK2019: unresolved external symbol __imp__glClear@4 referenced in function _SDL_main
     1>main.obj : error LNK2019: unresolved external symbol __imp__glewInit@0 referenced in function _SDL_main
     1>main.obj : error LNK2019: unresolved external symbol _SDL_CreateWindow referenced in function _SDL_main
     1>main.obj : error LNK2019: unresolved external symbol _SDL_GL_CreateContext referenced in function _SDL_main
     1>main.obj : error LNK2019: unresolved external symbol _SDL_GL_MakeCurrent referenced in function _SDL_main
     1>main.obj : error LNK2019: unresolved external symbol _SDL_GL_SwapWindow referenced in function _SDL_main
     1>main.obj : error LNK2019: unresolved external symbol _SDL_PollEvent referenced in function _SDL_main
     1>main.obj : error LNK2019: unresolved external symbol _SDL_Init referenced in function _SDL_main
     1>main.obj : error LNK2019: unresolved external symbol _SDL_Quit referenced in function _SDL_main
     1>ShaderProgram.obj : error LNK2001: unresolved external symbol __imp____glewAttachShader
     1>ShaderProgram.obj : error LNK2001: unresolved external symbol __imp____glewCompileShader
     1>ShaderProgram.obj : error LNK2001: unresolved external symbol __imp____glewCreateProgram
     1>ShaderProgram.obj : error LNK2001: unresolved external symbol __imp____glewCreateShader
     1>ShaderProgram.obj : error LNK2001: unresolved external symbol __imp____glewDeleteProgram
     1>ShaderProgram.obj : error LNK2001: unresolved external symbol __imp____glewDeleteShader
     1>ShaderProgram.obj : error LNK2001: unresolved external symbol __imp____glewGetAttribLocation
     1>ShaderProgram.obj : error LNK2001: unresolved external symbol __imp____glewGetProgramiv
     1>ShaderProgram.obj : error LNK2001: unresolved external symbol __imp____glewGetShaderInfoLog
     1>ShaderProgram.obj : error LNK2001: unresolved external symbol __imp____glewGetShaderiv
     1>ShaderProgram.obj : error LNK2001: unresolved external symbol __imp____glewGetUniformLocation
     1>ShaderProgram.obj : error LNK2001: unresolved external symbol __imp____glewLinkProgram
     1>ShaderProgram.obj : error LNK2001: unresolved external symbol __imp____glewShaderSource
     1>ShaderProgram.obj : error LNK2001: unresolved external symbol __imp____glewUniformMatrix4fv
     1>ShaderProgram.obj : error LNK2001: unresolved external symbol __imp____glewUseProgram
     1>MSVCRTD.lib(crtexew.obj) : error LNK2019: unresolved external symbol _WinMain@16 referenced in function ___tmainCRTStartup
     1>C:\Users\crush_000\Documents\CS3113\project_template\Windows\NYUCodebase\NYUCodebase\Debug\class_template3.exe : fatal error LNK1120: 25 unresolved externals
     1>Done Building Project "C:\Users\crush_000\Documents\CS3113\project_template\Windows\NYUCodebase\NYUCodebase\class_template3.vcxproj" (Build target(s)) -- FAILED.

Build FAILED.

Time Elapsed 00:00:01.94
