Build started 12/21/2016 5:10:03 AM.
     1>Project "C:\Users\Matt\Documents\Matthew-Ricci-CS3113\Final Project\NYUCodebase\NYUCodebase.vcxproj" on node 2 (Build target(s)).
     1>C:\Program Files (x86)\MSBuild\Microsoft.Cpp\v4.0\V120\Microsoft.CppBuild.targets(388,5): warning MSB8028: The intermediate directory (Debug\) contains files shared from another project (Class Template2.vcxproj, class_template3.vcxproj).  This can lead to incorrect clean and rebuild behavior.
     1>ClCompile:
         C:\Program Files (x86)\Microsoft Visual Studio 12.0\VC\bin\CL.exe /c /IC:\SDL2\include /IC:\SDL2_image\include /IC:\glew\include /IC:\SDL2_mixer\include /ZI /nologo /W3 /WX- /sdl /Od /Oy- /D _WINDOWS /D _MBCS /D _MBCS /Gm /EHsc /RTC1 /MDd /GS /fp:precise /Zc:wchar_t /Zc:forScope /Fo"Debug\\" /Fd"Debug\vc120.pdb" /Gd /TP /analyze- /errorReport:prompt main.cpp
         main.cpp
     1>c:\users\matt\documents\matthew-ricci-cs3113\final project\nyucodebase\main.cpp(97): warning C4018: '<' : signed/unsigned mismatch
     1>c:\users\matt\documents\matthew-ricci-cs3113\final project\nyucodebase\main.cpp(196): warning C4244: 'return' : conversion from 'double' to 'float', possible loss of data
     1>c:\users\matt\documents\matthew-ricci-cs3113\final project\nyucodebase\main.cpp(213): warning C4018: '<' : signed/unsigned mismatch
     1>c:\users\matt\documents\matthew-ricci-cs3113\final project\nyucodebase\main.cpp(410): warning C4244: '-=' : conversion from 'double' to 'float', possible loss of data
     1>c:\users\matt\documents\matthew-ricci-cs3113\final project\nyucodebase\main.cpp(418): warning C4244: '-=' : conversion from 'double' to 'float', possible loss of data
     1>c:\users\matt\documents\matthew-ricci-cs3113\final project\nyucodebase\main.cpp(426): warning C4244: '+=' : conversion from 'double' to 'float', possible loss of data
     1>c:\users\matt\documents\matthew-ricci-cs3113\final project\nyucodebase\main.cpp(434): warning C4244: '-=' : conversion from 'double' to 'float', possible loss of data
     1>c:\users\matt\documents\matthew-ricci-cs3113\final project\nyucodebase\main.cpp(442): warning C4244: '-=' : conversion from 'double' to 'float', possible loss of data
     1>c:\users\matt\documents\matthew-ricci-cs3113\final project\nyucodebase\main.cpp(450): warning C4244: '+=' : conversion from 'double' to 'float', possible loss of data
     1>c:\users\matt\documents\matthew-ricci-cs3113\final project\nyucodebase\main.cpp(475): warning C4244: '-=' : conversion from 'double' to 'float', possible loss of data
     1>c:\users\matt\documents\matthew-ricci-cs3113\final project\nyucodebase\main.cpp(483): warning C4244: '-=' : conversion from 'double' to 'float', possible loss of data
     1>c:\users\matt\documents\matthew-ricci-cs3113\final project\nyucodebase\main.cpp(491): warning C4244: '+=' : conversion from 'double' to 'float', possible loss of data
     1>c:\users\matt\documents\matthew-ricci-cs3113\final project\nyucodebase\main.cpp(499): warning C4244: '+=' : conversion from 'double' to 'float', possible loss of data
     1>c:\users\matt\documents\matthew-ricci-cs3113\final project\nyucodebase\main.cpp(673): warning C4018: '<' : signed/unsigned mismatch
     1>c:\users\matt\documents\matthew-ricci-cs3113\final project\nyucodebase\main.cpp(736): warning C4305: 'argument' : truncation from 'double' to 'float'
     1>c:\users\matt\documents\matthew-ricci-cs3113\final project\nyucodebase\main.cpp(787): warning C4553: '==' : operator has no effect; did you intend '='?
     1>c:\users\matt\documents\matthew-ricci-cs3113\final project\nyucodebase\main.cpp(791): warning C4553: '==' : operator has no effect; did you intend '='?
     1>c:\users\matt\documents\matthew-ricci-cs3113\final project\nyucodebase\main.cpp(832): warning C4244: 'argument' : conversion from 'double' to 'int', possible loss of data
     1>c:\users\matt\documents\matthew-ricci-cs3113\final project\nyucodebase\main.cpp(850): warning C4244: 'argument' : conversion from 'double' to 'GLsizei', possible loss of data
     1>c:\users\matt\documents\matthew-ricci-cs3113\final project\nyucodebase\main.cpp(913): warning C4305: 'argument' : truncation from 'double' to 'float'
     1>c:\users\matt\documents\matthew-ricci-cs3113\final project\nyucodebase\main.cpp(988): warning C4305: 'initializing' : truncation from 'double' to 'float'
     1>c:\users\matt\documents\matthew-ricci-cs3113\final project\nyucodebase\main.cpp(1199): warning C4553: '==' : operator has no effect; did you intend '='?
     1>c:\users\matt\documents\matthew-ricci-cs3113\final project\nyucodebase\main.cpp(1208): warning C4553: '==' : operator has no effect; did you intend '='?
     1>c:\users\matt\documents\matthew-ricci-cs3113\final project\nyucodebase\main.cpp(920): warning C4101: 'textElapsed' : unreferenced local variable
       Link:
         C:\Program Files (x86)\Microsoft Visual Studio 12.0\VC\bin\link.exe /ERRORREPORT:PROMPT /OUT:"C:\Users\Matt\Documents\Matthew-Ricci-CS3113\Final Project\Debug\NYUCodebase.exe" /INCREMENTAL /NOLOGO /LIBPATH:C:\SDL2_mixer\lib\x86 /LIBPATH:C:\SDL2\lib\x86 /LIBPATH:C:\SDL2_image\lib\x86 /LIBPATH:C:\glew\lib\Release\Win32 SDL2.lib SDL2_mixer.lib glew32.lib SDL2main.lib SDL2_image.lib OpenGL32.lib /MANIFEST /MANIFESTUAC:"level='asInvoker' uiAccess='false'" /manifest:embed /DEBUG /PDB:"C:\Users\Matt\Documents\Matthew-Ricci-CS3113\Final Project\Debug\NYUCodebase.pdb" /SUBSYSTEM:WINDOWS /TLBID:1 /DYNAMICBASE /NXCOMPAT /IMPLIB:"C:\Users\Matt\Documents\Matthew-Ricci-CS3113\Final Project\Debug\NYUCodebase.lib" /MACHINE:X86 Debug\main.obj
         Debug\Matrix.obj
         Debug\ShaderProgram.obj
         NYUCodebase.vcxproj -> C:\Users\Matt\Documents\Matthew-Ricci-CS3113\Final Project\Debug\NYUCodebase.exe
     1>Done Building Project "C:\Users\Matt\Documents\Matthew-Ricci-CS3113\Final Project\NYUCodebase\NYUCodebase.vcxproj" (Build target(s)).

Build succeeded.

Time Elapsed 00:00:00.94
